<!DOCTYPE html PUBLIC "-//W3C//DTD XHTML 1.1//EN" "https://www.w3.org/TR/xhtml11/DTD/xhtml11.dtd">
<html xmlns="https://www.w3.org/1999/xhtml">
<head>
<meta http-equiv="content-type" content="text/html; charset=UTF-8"/>
<title>TestNG Report</title>
<style type="text/css">table {margin-bottom:10px;border-collapse:collapse;empty-cells:show}th,td {border:1px solid #009;padding:.25em .5em}th {vertical-align:bottom}td {vertical-align:top}table a {font-weight:bold}.stripe td {background-color: #E6EBF9}.num {text-align:right}.passedodd td {background-color: #3F3}.passedeven td {background-color: #0A0}.skippedodd td {background-color: #DDD}.skippedeven td {background-color: #CCC}.failedodd td,.attn {background-color: #F33}.failedeven td,.stripe .attn {background-color: #D00}.stacktrace {white-space:pre;font-family:monospace}.totop {font-size:85%;text-align:center;border-bottom:2px solid #000}.invisible {display:none}</style>
</head>
<body>
<table>
<tr><th>Test</th><th># Passed</th><th># Skipped</th><th># Retried</th><th># Failed</th><th>Time (ms)</th><th>Included Groups</th><th>Excluded Groups</th></tr>
<tr><th colspan="8">Suite</th></tr>
<tr><td><a href="#t0">Test</a></td><td class="num">10</td><td class="num attn">3</td><td class="num attn">5</td><td class="num attn">5</td><td class="num">415,459</td><td></td><td></td></tr>
</table>
<table id='summary'><thead><tr><th>Class</th><th>Method</th><th>Start</th><th>Time (ms)</th></tr></thead><tbody><tr><th colspan="4">Suite</th></tr></tbody><tbody id="t0"><tr><th colspan="4">Test &#8212; failed (configuration methods)</th></tr><tr class="failedeven"><td rowspan="1">com.naveenautomation.pageTests.HomePageTest</td><td><a href="#m0">launch</a></td><td rowspan="1">1699755141185</td><td rowspan="1">22772</td></tr><tr><th colspan="4">Test &#8212; failed</th></tr><tr class="failedeven"><td rowspan="2">com.naveenautomation.pageTests.AccountPageTest</td><td><a href="#m1">validateTransactionsPageMessage</a></td><td rowspan="1">1699755375951</td><td rowspan="1">31933</td></tr><tr class="failedeven"><td><a href="#m2">validateWishListMessage</a></td><td rowspan="1">1699755519344</td><td rowspan="1">31721</td></tr><tr class="failedodd"><td rowspan="1">com.naveenautomation.pageTests.ForgetPasswordTest</td><td><a href="#m3">validateUserCannotChangePwdWithInValidCredentials</a></td><td rowspan="1">1699755187682</td><td rowspan="1">544</td></tr><tr class="failedeven"><td rowspan="2">com.naveenautomation.pageTests.LoginPageTest</td><td><a href="#m4">validateUserCanAccessFwdPwdWithValidCredentials</a></td><td rowspan="1">1699755211889</td><td rowspan="1">671</td></tr><tr class="failedeven"><td><a href="#m5">validateUserCanNotLoginWithInValidCredentials</a></td><td rowspan="1">1699755236478</td><td rowspan="1">1075</td></tr><tr><th colspan="4">Test &#8212; skipped (configuration methods)</th></tr><tr class="skippedeven"><td rowspan="5">com.naveenautomation.pageTests.HomePageTest</td><td><a href="#m6">launch</a></td><td rowspan="2">1699755164142</td><td rowspan="2">0</td></tr><tr class="skippedeven"><td><a href="#m7">launch</a></td></tr><tr class="skippedeven"><td><a href="#m8">quitBrowser</a></td><td rowspan="3">1699755164156</td><td rowspan="3">0</td></tr><tr class="skippedeven"><td><a href="#m9">quitBrowser</a></td></tr><tr class="skippedeven"><td><a href="#m10">quitBrowser</a></td></tr><tr><th colspan="4">Test &#8212; skipped</th></tr><tr class="skippedeven"><td rowspan="3">com.naveenautomation.pageTests.HomePageTest</td><td><a href="#m11">validateContactUsEnquiryMessage</a></td><td rowspan="1">1699755163967</td><td rowspan="1">0</td></tr><tr class="skippedeven"><td><a href="#m12">validateEmptyCartMessage</a></td><td rowspan="1">1699755164143</td><td rowspan="1">0</td></tr><tr class="skippedeven"><td><a href="#m13">validateUserCanLogout</a></td><td rowspan="1">1699755164168</td><td rowspan="1">0</td></tr><tr><th colspan="4">Test &#8212; retried</th></tr><tr class="retriedeven"><td rowspan="2">com.naveenautomation.pageTests.AccountPageTest</td><td><a href="#m14">validateTransactionsPageMessage</a></td><td rowspan="1">1699755335087</td><td rowspan="1">32019</td></tr><tr class="retriedeven"><td><a href="#m15">validateWishListMessage</a></td><td rowspan="1">1699755466642</td><td rowspan="1">32207</td></tr><tr class="retriedodd"><td rowspan="1">com.naveenautomation.pageTests.ForgetPasswordTest</td><td><a href="#m16">validateUserCannotChangePwdWithInValidCredentials</a></td><td rowspan="1">1699755176509</td><td rowspan="1">773</td></tr><tr class="retriedeven"><td rowspan="2">com.naveenautomation.pageTests.LoginPageTest</td><td><a href="#m17">validateUserCanAccessFwdPwdWithValidCredentials</a></td><td rowspan="1">1699755199263</td><td rowspan="1">591</td></tr><tr class="retriedeven"><td><a href="#m18">validateUserCanNotLoginWithInValidCredentials</a></td><td rowspan="1">1699755223812</td><td rowspan="1">928</td></tr><tr><th colspan="4">Test &#8212; passed</th></tr><tr class="passedeven"><td rowspan="10">com.naveenautomation.pageTests.AccountPageTest</td><td><a href="#m19">validateAccountDownloadsMessage</a></td><td rowspan="1">1699755254804</td><td rowspan="1">2952</td></tr><tr class="passedeven"><td><a href="#m20">validateLoginWithMultipleCredentials</a></td><td rowspan="3">1699755283789</td><td rowspan="3">1904</td></tr><tr class="passedeven"><td><a href="#m21">validateLoginWithMultipleCredentials</a></td></tr><tr class="passedeven"><td><a href="#m22">validateLoginWithMultipleCredentials</a></td></tr><tr class="passedeven"><td><a href="#m23">validatePaymentsMessage</a></td><td rowspan="1">1699755307356</td><td rowspan="1">2331</td></tr><tr class="passedeven"><td><a href="#m24">validateProductReturnMessage</a></td><td rowspan="1">1699755324406</td><td rowspan="1">2171</td></tr><tr class="passedeven"><td><a href="#m25">validateUserCanChangePassword</a></td><td rowspan="1">1699755418800</td><td rowspan="1">5050</td></tr><tr class="passedeven"><td><a href="#m26">validateUserCanLoginWithValidCredentials</a></td><td rowspan="1">1699755432591</td><td rowspan="1">1199</td></tr><tr class="passedeven"><td><a href="#m27">validateUserCanSubscribeNewsLetter</a></td><td rowspan="1">1699755441713</td><td rowspan="1">2730</td></tr><tr class="passedeven"><td><a href="#m28">validateUserCanUpdatePersonalInfo</a></td><td rowspan="1">1699755453383</td><td rowspan="1">3300</td></tr></tbody>
</table>
<h2>Test</h2><h3 id="m0">com.naveenautomation.pageTests.HomePageTest#launch</h3><table class="result"><tr><th>Exception</th></tr><tr><td><div class="stacktrace">org.openqa.selenium.NoSuchWindowException: no such window: target window already closed
from unknown error: web view not found
  (Session info: chrome=119.0.6045.105)
Build info: version: &apos;3.141.59&apos;, revision: &apos;e82be7d358&apos;, time: &apos;2018-11-14T08:17:03&apos;
System info: host: &apos;LAPTOP-07R9VU7F&apos;, ip: &apos;10.0.0.78&apos;, os.name: &apos;Windows 10&apos;, os.arch: &apos;amd64&apos;, os.version: &apos;10.0&apos;, java.version: &apos;17.0.7&apos;
Driver info: org.openqa.selenium.chrome.ChromeDriver
Capabilities {acceptInsecureCerts: false, browserName: chrome, browserVersion: 119.0.6045.105, chrome: {chromedriverVersion: 119.0.6045.105 (38c72552c5e..., userDataDir: C:\Users\Dijish\AppData\Loc...}, fedcm:accounts: true, goog:chromeOptions: {debuggerAddress: localhost:61687}, javascriptEnabled: true, networkConnectionEnabled: false, pageLoadStrategy: normal, platform: WINDOWS, platformName: WINDOWS, proxy: Proxy(), setWindowRect: true, strictFileInteractability: false, timeouts: {implicit: 0, pageLoad: 300000, script: 30000}, unhandledPromptBehavior: dismiss and notify, webauthn:extension:credBlob: true, webauthn:extension:largeBlob: true, webauthn:extension:minPinLength: true, webauthn:extension:prf: true, webauthn:virtualAuthenticators: true}
Session ID: b7f18af10a8c4f4a8d806b9dc3733d02
	at org.openqa.selenium.remote.http.W3CHttpResponseCodec.createException(W3CHttpResponseCodec.java:187)
	at org.openqa.selenium.remote.http.W3CHttpResponseCodec.decode(W3CHttpResponseCodec.java:122)
	at org.openqa.selenium.remote.http.W3CHttpResponseCodec.decode(W3CHttpResponseCodec.java:49)
	at org.openqa.selenium.remote.HttpCommandExecutor.execute(HttpCommandExecutor.java:158)
	at org.openqa.selenium.remote.service.DriverCommandExecutor.execute(DriverCommandExecutor.java:83)
	at org.openqa.selenium.remote.RemoteWebDriver.execute(RemoteWebDriver.java:552)
	at org.openqa.selenium.remote.RemoteWebDriver.execute(RemoteWebDriver.java:609)
	at org.openqa.selenium.remote.RemoteWebDriver$RemoteWebDriverOptions$RemoteWindow.maximize(RemoteWebDriver.java:837)
	at com.naveenautomation.base.TestBase.intialisation(TestBase.java:59)
	at com.naveenautomation.pageTests.HomePageTest.launch(HomePageTest.java:29)
	at java.base/java.util.ArrayList.forEach(ArrayList.java:1511)
... Removed 36 stack frames</div></td></tr></table><p class="totop"><a href="#summary">back to summary</a></p>
<h3 id="m1">com.naveenautomation.pageTests.AccountPageTest#validateTransactionsPageMessage</h3><table class="result"><tr><th>Exception</th></tr><tr><td><div class="stacktrace">org.openqa.selenium.TimeoutException: Expected condition failed: waiting for com.naveenautomation.pages.GeneralPage$1@c0004b7 (tried for 30 second(s) with 500 milliseconds interval)
Build info: version: &apos;3.141.59&apos;, revision: &apos;e82be7d358&apos;, time: &apos;2018-11-14T08:17:03&apos;
System info: host: &apos;LAPTOP-07R9VU7F&apos;, ip: &apos;10.0.0.78&apos;, os.name: &apos;Windows 10&apos;, os.arch: &apos;amd64&apos;, os.version: &apos;10.0&apos;, java.version: &apos;17.0.7&apos;
Driver info: com.naveenautomation.proxyDriver.ProxyDriver
	at org.openqa.selenium.support.ui.WebDriverWait.timeoutException(WebDriverWait.java:95)
	at org.openqa.selenium.support.ui.FluentWait.until(FluentWait.java:272)
	at com.naveenautomation.pages.GeneralPage.waitForPageToLoad(GeneralPage.java:122)
	at com.naveenautomation.pages.GeneralPage.waitForPageToLoad(GeneralPage.java:115)
	at com.naveenautomation.pages.SideNavBar.OpenPageByClickOnSideNavBar(SideNavBar.java:29)
	at com.naveenautomation.pageTests.AccountPageTest.validateTransactionsPageMessage(AccountPageTest.java:158)
	at java.base/java.util.ArrayList.forEach(ArrayList.java:1511)
... Removed 27 stack frames</div></td></tr></table><p class="totop"><a href="#summary">back to summary</a></p>
<h3 id="m2">com.naveenautomation.pageTests.AccountPageTest#validateWishListMessage</h3><table class="result"><tr><th>Exception</th></tr><tr><td><div class="stacktrace">org.openqa.selenium.TimeoutException: Expected condition failed: waiting for com.naveenautomation.pages.GeneralPage$1@1c97c3bb (tried for 30 second(s) with 500 milliseconds interval)
Build info: version: &apos;3.141.59&apos;, revision: &apos;e82be7d358&apos;, time: &apos;2018-11-14T08:17:03&apos;
System info: host: &apos;LAPTOP-07R9VU7F&apos;, ip: &apos;10.0.0.78&apos;, os.name: &apos;Windows 10&apos;, os.arch: &apos;amd64&apos;, os.version: &apos;10.0&apos;, java.version: &apos;17.0.7&apos;
Driver info: com.naveenautomation.proxyDriver.ProxyDriver
	at org.openqa.selenium.support.ui.WebDriverWait.timeoutException(WebDriverWait.java:95)
	at org.openqa.selenium.support.ui.FluentWait.until(FluentWait.java:272)
	at com.naveenautomation.pages.GeneralPage.waitForPageToLoad(GeneralPage.java:122)
	at com.naveenautomation.pages.GeneralPage.waitForPageToLoad(GeneralPage.java:115)
	at com.naveenautomation.pages.SideNavBar.OpenPageByClickOnSideNavBar(SideNavBar.java:29)
	at com.naveenautomation.pageTests.AccountPageTest.validateWishListMessage(AccountPageTest.java:125)
	at java.base/java.util.ArrayList.forEach(ArrayList.java:1511)
... Removed 27 stack frames</div></td></tr></table><p class="totop"><a href="#summary">back to summary</a></p>
<h3 id="m3">com.naveenautomation.pageTests.ForgetPasswordTest#validateUserCannotChangePwdWithInValidCredentials</h3><table class="result"><tr><th>Exception</th></tr><tr><td><div class="stacktrace">java.lang.Error
	at com.naveenautomation.pages.ForgottenPasswordPage.isLoaded(ForgottenPasswordPage.java:38)
	at com.naveenautomation.pages.Page.waitForPageToLoad(Page.java:26)
	at com.naveenautomation.pages.Page.&lt;init&gt;(Page.java:12)
	at com.naveenautomation.pages.ForgottenPasswordPage.&lt;init&gt;(ForgottenPasswordPage.java:13)
	at com.naveenautomation.pages.LoginPage.clickForgetPwdLink(LoginPage.java:48)
	at com.naveenautomation.pageTests.ForgetPasswordTest.validateUserCannotChangePwdWithInValidCredentials(ForgetPasswordTest.java:25)
	at java.base/java.util.ArrayList.forEach(ArrayList.java:1511)
... Removed 27 stack frames</div></td></tr></table><p class="totop"><a href="#summary">back to summary</a></p>
<h3 id="m4">com.naveenautomation.pageTests.LoginPageTest#validateUserCanAccessFwdPwdWithValidCredentials</h3><table class="result"><tr><th>Exception</th></tr><tr><td><div class="stacktrace">java.lang.Error
	at com.naveenautomation.pages.ForgottenPasswordPage.isLoaded(ForgottenPasswordPage.java:38)
	at com.naveenautomation.pages.Page.waitForPageToLoad(Page.java:26)
	at com.naveenautomation.pages.Page.&lt;init&gt;(Page.java:12)
	at com.naveenautomation.pages.ForgottenPasswordPage.&lt;init&gt;(ForgottenPasswordPage.java:13)
	at com.naveenautomation.pages.LoginPage.clickForgetPwdLink(LoginPage.java:48)
	at com.naveenautomation.pageTests.LoginPageTest.validateUserCanAccessFwdPwdWithValidCredentials(LoginPageTest.java:33)
	at java.base/java.util.ArrayList.forEach(ArrayList.java:1511)
... Removed 27 stack frames</div></td></tr></table><p class="totop"><a href="#summary">back to summary</a></p>
<h3 id="m5">com.naveenautomation.pageTests.LoginPageTest#validateUserCanNotLoginWithInValidCredentials</h3><table class="result"><tr><th>Exception</th></tr><tr><td><div class="stacktrace">java.lang.Error
	at com.naveenautomation.pages.AccountPage.isLoaded(AccountPage.java:58)
	at com.naveenautomation.pages.Page.waitForPageToLoad(Page.java:26)
	at com.naveenautomation.pages.Page.&lt;init&gt;(Page.java:12)
	at com.naveenautomation.pages.AccountPage.&lt;init&gt;(AccountPage.java:11)
	at com.naveenautomation.pages.LoginPage.SubmitLogin(LoginPage.java:35)
	at com.naveenautomation.pageTests.LoginPageTest.validateUserCanNotLoginWithInValidCredentials(LoginPageTest.java:26)
	at java.base/java.util.ArrayList.forEach(ArrayList.java:1511)
... Removed 27 stack frames</div></td></tr></table><p class="totop"><a href="#summary">back to summary</a></p>
<h3 id="m6">com.naveenautomation.pageTests.HomePageTest#launch</h3><table class="result"><tr><th class="invisible"/></tr></table><p class="totop"><a href="#summary">back to summary</a></p>
<h3 id="m7">com.naveenautomation.pageTests.HomePageTest#launch</h3><table class="result"><tr><th class="invisible"/></tr></table><p class="totop"><a href="#summary">back to summary</a></p>
<h3 id="m8">com.naveenautomation.pageTests.HomePageTest#quitBrowser</h3><table class="result"><tr><th class="invisible"/></tr></table><p class="totop"><a href="#summary">back to summary</a></p>
<h3 id="m9">com.naveenautomation.pageTests.HomePageTest#quitBrowser</h3><table class="result"><tr><th class="invisible"/></tr></table><p class="totop"><a href="#summary">back to summary</a></p>
<h3 id="m10">com.naveenautomation.pageTests.HomePageTest#quitBrowser</h3><table class="result"><tr><th class="invisible"/></tr></table><p class="totop"><a href="#summary">back to summary</a></p>
<h3 id="m11">com.naveenautomation.pageTests.HomePageTest#validateContactUsEnquiryMessage</h3><table class="result"><tr><th>Exception</th></tr><tr><td><div class="stacktrace">org.openqa.selenium.NoSuchWindowException: no such window: target window already closed
from unknown error: web view not found
  (Session info: chrome=119.0.6045.105)
Build info: version: &apos;3.141.59&apos;, revision: &apos;e82be7d358&apos;, time: &apos;2018-11-14T08:17:03&apos;
System info: host: &apos;LAPTOP-07R9VU7F&apos;, ip: &apos;10.0.0.78&apos;, os.name: &apos;Windows 10&apos;, os.arch: &apos;amd64&apos;, os.version: &apos;10.0&apos;, java.version: &apos;17.0.7&apos;
Driver info: org.openqa.selenium.chrome.ChromeDriver
Capabilities {acceptInsecureCerts: false, browserName: chrome, browserVersion: 119.0.6045.105, chrome: {chromedriverVersion: 119.0.6045.105 (38c72552c5e..., userDataDir: C:\Users\Dijish\AppData\Loc...}, fedcm:accounts: true, goog:chromeOptions: {debuggerAddress: localhost:61687}, javascriptEnabled: true, networkConnectionEnabled: false, pageLoadStrategy: normal, platform: WINDOWS, platformName: WINDOWS, proxy: Proxy(), setWindowRect: true, strictFileInteractability: false, timeouts: {implicit: 0, pageLoad: 300000, script: 30000}, unhandledPromptBehavior: dismiss and notify, webauthn:extension:credBlob: true, webauthn:extension:largeBlob: true, webauthn:extension:minPinLength: true, webauthn:extension:prf: true, webauthn:virtualAuthenticators: true}
Session ID: b7f18af10a8c4f4a8d806b9dc3733d02
	at org.openqa.selenium.remote.http.W3CHttpResponseCodec.createException(W3CHttpResponseCodec.java:187)
	at org.openqa.selenium.remote.http.W3CHttpResponseCodec.decode(W3CHttpResponseCodec.java:122)
	at org.openqa.selenium.remote.http.W3CHttpResponseCodec.decode(W3CHttpResponseCodec.java:49)
	at org.openqa.selenium.remote.HttpCommandExecutor.execute(HttpCommandExecutor.java:158)
	at org.openqa.selenium.remote.service.DriverCommandExecutor.execute(DriverCommandExecutor.java:83)
	at org.openqa.selenium.remote.RemoteWebDriver.execute(RemoteWebDriver.java:552)
	at org.openqa.selenium.remote.RemoteWebDriver.execute(RemoteWebDriver.java:609)
	at org.openqa.selenium.remote.RemoteWebDriver$RemoteWebDriverOptions$RemoteWindow.maximize(RemoteWebDriver.java:837)
	at com.naveenautomation.base.TestBase.intialisation(TestBase.java:59)
	at com.naveenautomation.pageTests.HomePageTest.launch(HomePageTest.java:29)
	at java.base/java.util.ArrayList.forEach(ArrayList.java:1511)
... Removed 36 stack frames</div></td></tr></table><p class="totop"><a href="#summary">back to summary</a></p>
<h3 id="m12">com.naveenautomation.pageTests.HomePageTest#validateEmptyCartMessage</h3><table class="result"><tr><th>Exception</th></tr><tr><td><div class="stacktrace">org.openqa.selenium.NoSuchWindowException: no such window: target window already closed
from unknown error: web view not found
  (Session info: chrome=119.0.6045.105)
Build info: version: &apos;3.141.59&apos;, revision: &apos;e82be7d358&apos;, time: &apos;2018-11-14T08:17:03&apos;
System info: host: &apos;LAPTOP-07R9VU7F&apos;, ip: &apos;10.0.0.78&apos;, os.name: &apos;Windows 10&apos;, os.arch: &apos;amd64&apos;, os.version: &apos;10.0&apos;, java.version: &apos;17.0.7&apos;
Driver info: org.openqa.selenium.chrome.ChromeDriver
Capabilities {acceptInsecureCerts: false, browserName: chrome, browserVersion: 119.0.6045.105, chrome: {chromedriverVersion: 119.0.6045.105 (38c72552c5e..., userDataDir: C:\Users\Dijish\AppData\Loc...}, fedcm:accounts: true, goog:chromeOptions: {debuggerAddress: localhost:61687}, javascriptEnabled: true, networkConnectionEnabled: false, pageLoadStrategy: normal, platform: WINDOWS, platformName: WINDOWS, proxy: Proxy(), setWindowRect: true, strictFileInteractability: false, timeouts: {implicit: 0, pageLoad: 300000, script: 30000}, unhandledPromptBehavior: dismiss and notify, webauthn:extension:credBlob: true, webauthn:extension:largeBlob: true, webauthn:extension:minPinLength: true, webauthn:extension:prf: true, webauthn:virtualAuthenticators: true}
Session ID: b7f18af10a8c4f4a8d806b9dc3733d02
	at org.openqa.selenium.remote.http.W3CHttpResponseCodec.createException(W3CHttpResponseCodec.java:187)
	at org.openqa.selenium.remote.http.W3CHttpResponseCodec.decode(W3CHttpResponseCodec.java:122)
	at org.openqa.selenium.remote.http.W3CHttpResponseCodec.decode(W3CHttpResponseCodec.java:49)
	at org.openqa.selenium.remote.HttpCommandExecutor.execute(HttpCommandExecutor.java:158)
	at org.openqa.selenium.remote.service.DriverCommandExecutor.execute(DriverCommandExecutor.java:83)
	at org.openqa.selenium.remote.RemoteWebDriver.execute(RemoteWebDriver.java:552)
	at org.openqa.selenium.remote.RemoteWebDriver.execute(RemoteWebDriver.java:609)
	at org.openqa.selenium.remote.RemoteWebDriver$RemoteWebDriverOptions$RemoteWindow.maximize(RemoteWebDriver.java:837)
	at com.naveenautomation.base.TestBase.intialisation(TestBase.java:59)
	at com.naveenautomation.pageTests.HomePageTest.launch(HomePageTest.java:29)
	at java.base/java.util.ArrayList.forEach(ArrayList.java:1511)
... Removed 36 stack frames</div></td></tr></table><p class="totop"><a href="#summary">back to summary</a></p>
<h3 id="m13">com.naveenautomation.pageTests.HomePageTest#validateUserCanLogout</h3><table class="result"><tr><th>Exception</th></tr><tr><td><div class="stacktrace">org.openqa.selenium.NoSuchWindowException: no such window: target window already closed
from unknown error: web view not found
  (Session info: chrome=119.0.6045.105)
Build info: version: &apos;3.141.59&apos;, revision: &apos;e82be7d358&apos;, time: &apos;2018-11-14T08:17:03&apos;
System info: host: &apos;LAPTOP-07R9VU7F&apos;, ip: &apos;10.0.0.78&apos;, os.name: &apos;Windows 10&apos;, os.arch: &apos;amd64&apos;, os.version: &apos;10.0&apos;, java.version: &apos;17.0.7&apos;
Driver info: org.openqa.selenium.chrome.ChromeDriver
Capabilities {acceptInsecureCerts: false, browserName: chrome, browserVersion: 119.0.6045.105, chrome: {chromedriverVersion: 119.0.6045.105 (38c72552c5e..., userDataDir: C:\Users\Dijish\AppData\Loc...}, fedcm:accounts: true, goog:chromeOptions: {debuggerAddress: localhost:61687}, javascriptEnabled: true, networkConnectionEnabled: false, pageLoadStrategy: normal, platform: WINDOWS, platformName: WINDOWS, proxy: Proxy(), setWindowRect: true, strictFileInteractability: false, timeouts: {implicit: 0, pageLoad: 300000, script: 30000}, unhandledPromptBehavior: dismiss and notify, webauthn:extension:credBlob: true, webauthn:extension:largeBlob: true, webauthn:extension:minPinLength: true, webauthn:extension:prf: true, webauthn:virtualAuthenticators: true}
Session ID: b7f18af10a8c4f4a8d806b9dc3733d02
	at org.openqa.selenium.remote.http.W3CHttpResponseCodec.createException(W3CHttpResponseCodec.java:187)
	at org.openqa.selenium.remote.http.W3CHttpResponseCodec.decode(W3CHttpResponseCodec.java:122)
	at org.openqa.selenium.remote.http.W3CHttpResponseCodec.decode(W3CHttpResponseCodec.java:49)
	at org.openqa.selenium.remote.HttpCommandExecutor.execute(HttpCommandExecutor.java:158)
	at org.openqa.selenium.remote.service.DriverCommandExecutor.execute(DriverCommandExecutor.java:83)
	at org.openqa.selenium.remote.RemoteWebDriver.execute(RemoteWebDriver.java:552)
	at org.openqa.selenium.remote.RemoteWebDriver.execute(RemoteWebDriver.java:609)
	at org.openqa.selenium.remote.RemoteWebDriver$RemoteWebDriverOptions$RemoteWindow.maximize(RemoteWebDriver.java:837)
	at com.naveenautomation.base.TestBase.intialisation(TestBase.java:59)
	at com.naveenautomation.pageTests.HomePageTest.launch(HomePageTest.java:29)
	at java.base/java.util.ArrayList.forEach(ArrayList.java:1511)
... Removed 36 stack frames</div></td></tr></table><p class="totop"><a href="#summary">back to summary</a></p>
<h3 id="m14">com.naveenautomation.pageTests.AccountPageTest#validateTransactionsPageMessage</h3><table class="result"><tr><th>Exception</th></tr><tr><td><div class="stacktrace">org.openqa.selenium.TimeoutException: Expected condition failed: waiting for com.naveenautomation.pages.GeneralPage$1@6475e778 (tried for 30 second(s) with 500 milliseconds interval)
Build info: version: &apos;3.141.59&apos;, revision: &apos;e82be7d358&apos;, time: &apos;2018-11-14T08:17:03&apos;
System info: host: &apos;LAPTOP-07R9VU7F&apos;, ip: &apos;10.0.0.78&apos;, os.name: &apos;Windows 10&apos;, os.arch: &apos;amd64&apos;, os.version: &apos;10.0&apos;, java.version: &apos;17.0.7&apos;
Driver info: com.naveenautomation.proxyDriver.ProxyDriver
	at org.openqa.selenium.support.ui.WebDriverWait.timeoutException(WebDriverWait.java:95)
	at org.openqa.selenium.support.ui.FluentWait.until(FluentWait.java:272)
	at com.naveenautomation.pages.GeneralPage.waitForPageToLoad(GeneralPage.java:122)
	at com.naveenautomation.pages.GeneralPage.waitForPageToLoad(GeneralPage.java:115)
	at com.naveenautomation.pages.SideNavBar.OpenPageByClickOnSideNavBar(SideNavBar.java:29)
	at com.naveenautomation.pageTests.AccountPageTest.validateTransactionsPageMessage(AccountPageTest.java:158)
	at java.base/java.util.ArrayList.forEach(ArrayList.java:1511)
... Removed 27 stack frames</div></td></tr></table><p class="totop"><a href="#summary">back to summary</a></p>
<h3 id="m15">com.naveenautomation.pageTests.AccountPageTest#validateWishListMessage</h3><table class="result"><tr><th>Exception</th></tr><tr><td><div class="stacktrace">org.openqa.selenium.TimeoutException: Expected condition failed: waiting for com.naveenautomation.pages.GeneralPage$1@54780c40 (tried for 30 second(s) with 500 milliseconds interval)
Build info: version: &apos;3.141.59&apos;, revision: &apos;e82be7d358&apos;, time: &apos;2018-11-14T08:17:03&apos;
System info: host: &apos;LAPTOP-07R9VU7F&apos;, ip: &apos;10.0.0.78&apos;, os.name: &apos;Windows 10&apos;, os.arch: &apos;amd64&apos;, os.version: &apos;10.0&apos;, java.version: &apos;17.0.7&apos;
Driver info: com.naveenautomation.proxyDriver.ProxyDriver
	at org.openqa.selenium.support.ui.WebDriverWait.timeoutException(WebDriverWait.java:95)
	at org.openqa.selenium.support.ui.FluentWait.until(FluentWait.java:272)
	at com.naveenautomation.pages.GeneralPage.waitForPageToLoad(GeneralPage.java:122)
	at com.naveenautomation.pages.GeneralPage.waitForPageToLoad(GeneralPage.java:115)
	at com.naveenautomation.pages.SideNavBar.OpenPageByClickOnSideNavBar(SideNavBar.java:29)
	at com.naveenautomation.pageTests.AccountPageTest.validateWishListMessage(AccountPageTest.java:125)
	at java.base/java.util.ArrayList.forEach(ArrayList.java:1511)
... Removed 27 stack frames</div></td></tr></table><p class="totop"><a href="#summary">back to summary</a></p>
<h3 id="m16">com.naveenautomation.pageTests.ForgetPasswordTest#validateUserCannotChangePwdWithInValidCredentials</h3><table class="result"><tr><th>Exception</th></tr><tr><td><div class="stacktrace">java.lang.Error
	at com.naveenautomation.pages.ForgottenPasswordPage.isLoaded(ForgottenPasswordPage.java:38)
	at com.naveenautomation.pages.Page.waitForPageToLoad(Page.java:26)
	at com.naveenautomation.pages.Page.&lt;init&gt;(Page.java:12)
	at com.naveenautomation.pages.ForgottenPasswordPage.&lt;init&gt;(ForgottenPasswordPage.java:13)
	at com.naveenautomation.pages.LoginPage.clickForgetPwdLink(LoginPage.java:48)
	at com.naveenautomation.pageTests.ForgetPasswordTest.validateUserCannotChangePwdWithInValidCredentials(ForgetPasswordTest.java:25)
	at java.base/java.util.ArrayList.forEach(ArrayList.java:1511)
... Removed 27 stack frames</div></td></tr></table><p class="totop"><a href="#summary">back to summary</a></p>
<h3 id="m17">com.naveenautomation.pageTests.LoginPageTest#validateUserCanAccessFwdPwdWithValidCredentials</h3><table class="result"><tr><th>Exception</th></tr><tr><td><div class="stacktrace">java.lang.Error
	at com.naveenautomation.pages.ForgottenPasswordPage.isLoaded(ForgottenPasswordPage.java:38)
	at com.naveenautomation.pages.Page.waitForPageToLoad(Page.java:26)
	at com.naveenautomation.pages.Page.&lt;init&gt;(Page.java:12)
	at com.naveenautomation.pages.ForgottenPasswordPage.&lt;init&gt;(ForgottenPasswordPage.java:13)
	at com.naveenautomation.pages.LoginPage.clickForgetPwdLink(LoginPage.java:48)
	at com.naveenautomation.pageTests.LoginPageTest.validateUserCanAccessFwdPwdWithValidCredentials(LoginPageTest.java:33)
	at java.base/java.util.ArrayList.forEach(ArrayList.java:1511)
... Removed 27 stack frames</div></td></tr></table><p class="totop"><a href="#summary">back to summary</a></p>
<h3 id="m18">com.naveenautomation.pageTests.LoginPageTest#validateUserCanNotLoginWithInValidCredentials</h3><table class="result"><tr><th>Exception</th></tr><tr><td><div class="stacktrace">java.lang.Error
	at com.naveenautomation.pages.AccountPage.isLoaded(AccountPage.java:58)
	at com.naveenautomation.pages.Page.waitForPageToLoad(Page.java:26)
	at com.naveenautomation.pages.Page.&lt;init&gt;(Page.java:12)
	at com.naveenautomation.pages.AccountPage.&lt;init&gt;(AccountPage.java:11)
	at com.naveenautomation.pages.LoginPage.SubmitLogin(LoginPage.java:35)
	at com.naveenautomation.pageTests.LoginPageTest.validateUserCanNotLoginWithInValidCredentials(LoginPageTest.java:26)
	at java.base/java.util.ArrayList.forEach(ArrayList.java:1511)
... Removed 27 stack frames</div></td></tr></table><p class="totop"><a href="#summary">back to summary</a></p>
<h3 id="m19">com.naveenautomation.pageTests.AccountPageTest#validateAccountDownloadsMessage</h3><table class="result"><tr><th class="invisible"/></tr></table><p class="totop"><a href="#summary">back to summary</a></p>
<h3 id="m20">com.naveenautomation.pageTests.AccountPageTest#validateLoginWithMultipleCredentials</h3><table class="result"><tr class="param"><th>Parameter #1</th><th>Parameter #2</th></tr><tr class="param stripe"><td>andreas@email.com</td><td>qwerty</td></tr></table><p class="totop"><a href="#summary">back to summary</a></p>
<h3 id="m21">com.naveenautomation.pageTests.AccountPageTest#validateLoginWithMultipleCredentials</h3><table class="result"><tr class="param"><th>Parameter #1</th><th>Parameter #2</th></tr><tr class="param stripe"><td>navenncxe@gmail.com</td><td>abcd</td></tr></table><p class="totop"><a href="#summary">back to summary</a></p>
<h3 id="m22">com.naveenautomation.pageTests.AccountPageTest#validateLoginWithMultipleCredentials</h3><table class="result"><tr class="param"><th>Parameter #1</th><th>Parameter #2</th></tr><tr class="param stripe"><td>naveen@email.com</td><td>abcd</td></tr></table><p class="totop"><a href="#summary">back to summary</a></p>
<h3 id="m23">com.naveenautomation.pageTests.AccountPageTest#validatePaymentsMessage</h3><table class="result"><tr><th class="invisible"/></tr></table><p class="totop"><a href="#summary">back to summary</a></p>
<h3 id="m24">com.naveenautomation.pageTests.AccountPageTest#validateProductReturnMessage</h3><table class="result"><tr><th class="invisible"/></tr></table><p class="totop"><a href="#summary">back to summary</a></p>
<h3 id="m25">com.naveenautomation.pageTests.AccountPageTest#validateUserCanChangePassword</h3><table class="result"><tr><th class="invisible"/></tr></table><p class="totop"><a href="#summary">back to summary</a></p>
<h3 id="m26">com.naveenautomation.pageTests.AccountPageTest#validateUserCanLoginWithValidCredentials</h3><table class="result"><tr><th class="invisible"/></tr></table><p class="totop"><a href="#summary">back to summary</a></p>
<h3 id="m27">com.naveenautomation.pageTests.AccountPageTest#validateUserCanSubscribeNewsLetter</h3><table class="result"><tr><th class="invisible"/></tr></table><p class="totop"><a href="#summary">back to summary</a></p>
<h3 id="m28">com.naveenautomation.pageTests.AccountPageTest#validateUserCanUpdatePersonalInfo</h3><table class="result"><tr><th class="invisible"/></tr></table><p class="totop"><a href="#summary">back to summary</a></p>
</body>
</html>
